# JRE version: Java(TM) SE Runtime Environment (8.0_271-b09) (build 1.8.0_271-b09)
# Java VM: Java HotSpot(TM) 64-Bit Server VM (25.271-b09 mixed mode windows-amd64 compressed oops)
Heap:
 PSYoungGen      total 663552K, used 378888K [0x000000076bb00000, 0x0000000798780000, 0x00000007c0000000)
  eden space 653824K, 56% used [0x000000076bb00000,0x00000007823c5c48,0x0000000793980000)
  from space 9728K, 97% used [0x0000000796f00000,0x000000079783c670,0x0000000797880000)
  to   space 15360K, 0% used [0x0000000797880000,0x0000000797880000,0x0000000798780000)
 ParOldGen       total 245248K, used 97808K [0x00000006c3000000, 0x00000006d1f80000, 0x000000076bb00000)
  object space 245248K, 39% used [0x00000006c3000000,0x00000006c8f840e8,0x00000006d1f80000)
 Metaspace       used 72834K, capacity 77546K, committed 77696K, reserved 1118208K
  class space    used 8711K, capacity 9496K, committed 9600K, reserved 1048576K
GC Heap History (10 events):
Event: 10.761 GC heap before
{Heap before GC invocations=18 (full 3):
 PSYoungGen      total 565760K, used 4677K [0x000000076bb00000, 0x0000000799280000, 0x00000007c0000000)
  eden space 550400K, 0% used [0x000000076bb00000,0x000000076bb00000,0x000000078d480000)
  from space 15360K, 30% used [0x000000078d480000,0x000000078d9117d8,0x000000078e380000)
  to   space 15360K, 0% used [0x0000000798380000,0x0000000798380000,0x0000000799280000)
 ParOldGen       total 143872K, used 61457K [0x00000006c3000000, 0x00000006cbc80000, 0x000000076bb00000)
  object space 143872K, 42% used [0x00000006c3000000,0x00000006c6c04480,0x00000006cbc80000)
 Metaspace       used 56562K, capacity 58982K, committed 59096K, reserved 1101824K
  class space    used 6730K, capacity 7197K, committed 7296K, reserved 1048576K
Event: 11.096 GC heap after
Heap after GC invocations=18 (full 3):
 PSYoungGen      total 565760K, used 0K [0x000000076bb00000, 0x0000000799280000, 0x00000007c0000000)
  eden space 550400K, 0% used [0x000000076bb00000,0x000000076bb00000,0x000000078d480000)
  from space 15360K, 0% used [0x000000078d480000,0x000000078d480000,0x000000078e380000)
  to   space 15360K, 0% used [0x0000000798380000,0x0000000798380000,0x0000000799280000)
 ParOldGen       total 245248K, used 63053K [0x00000006c3000000, 0x00000006d1f80000, 0x000000076bb00000)
  object space 245248K, 25% used [0x00000006c3000000,0x00000006c6d93700,0x00000006d1f80000)
 Metaspace       used 56562K, capacity 58982K, committed 59096K, reserved 1101824K
  class space    used 6730K, capacity 7197K, committed 7296K, reserved 1048576K
}
Event: 12.754 GC heap before
{Heap before GC invocations=19 (full 3):
 PSYoungGen      total 565760K, used 550400K [0x000000076bb00000, 0x0000000799280000, 0x00000007c0000000)
  eden space 550400K, 100% used [0x000000076bb00000,0x000000078d480000,0x000000078d480000)
  from space 15360K, 0% used [0x000000078d480000,0x000000078d480000,0x000000078e380000)
  to   space 15360K, 0% used [0x0000000798380000,0x0000000798380000,0x0000000799280000)
 ParOldGen       total 245248K, used 63053K [0x00000006c3000000, 0x00000006d1f80000, 0x000000076bb00000)
  object space 245248K, 25% used [0x00000006c3000000,0x00000006c6d93700,0x00000006d1f80000)
 Metaspace       used 61474K, capacity 64406K, committed 64512K, reserved 1105920K
  class space    used 7373K, capacity 7894K, committed 7936K, reserved 1048576K
Event: 12.763 GC heap after
Heap after GC invocations=19 (full 3):
 PSYoungGen      total 663040K, used 15358K [0x000000076bb00000, 0x0000000799280000, 0x00000007c0000000)
  eden space 647680K, 0% used [0x000000076bb00000,0x000000076bb00000,0x0000000793380000)
  from space 15360K, 99% used [0x0000000798380000,0x000000079927fa20,0x0000000799280000)
  to   space 17920K, 0% used [0x0000000796f80000,0x0000000796f80000,0x0000000798100000)
 ParOldGen       total 245248K, used 65703K [0x00000006c3000000, 0x00000006d1f80000, 0x000000076bb00000)
  object space 245248K, 26% used [0x00000006c3000000,0x00000006c7029c80,0x00000006d1f80000)
 Metaspace       used 61474K, capacity 64406K, committed 64512K, reserved 1105920K
  class space    used 7373K, capacity 7894K, committed 7936K, reserved 1048576K
}
Event: 15.801 GC heap before
{Heap before GC invocations=20 (full 3):
 PSYoungGen      total 663040K, used 663038K [0x000000076bb00000, 0x0000000799280000, 0x00000007c0000000)
  eden space 647680K, 100% used [0x000000076bb00000,0x0000000793380000,0x0000000793380000)
  from space 15360K, 99% used [0x0000000798380000,0x000000079927fa20,0x0000000799280000)
  to   space 17920K, 0% used [0x0000000796f80000,0x0000000796f80000,0x0000000798100000)
 ParOldGen       total 245248K, used 65703K [0x00000006c3000000, 0x00000006d1f80000, 0x000000076bb00000)
  object space 245248K, 26% used [0x00000006c3000000,0x00000006c7029c80,0x00000006d1f80000)
 Metaspace       used 66900K, capacity 70914K, committed 71040K, reserved 1112064K
  class space    used 8080K, capacity 8768K, committed 8832K, reserved 1048576K
Event: 15.812 GC heap after
Heap after GC invocations=20 (full 3):
 PSYoungGen      total 727040K, used 13065K [0x000000076bb00000, 0x0000000799900000, 0x00000007c0000000)
  eden space 709120K, 0% used [0x000000076bb00000,0x000000076bb00000,0x0000000796f80000)
  from space 17920K, 72% used [0x0000000796f80000,0x0000000797c42528,0x0000000798100000)
  to   space 18432K, 0% used [0x0000000798700000,0x0000000798700000,0x0000000799900000)
 ParOldGen       total 245248K, used 80005K [0x00000006c3000000, 0x00000006d1f80000, 0x000000076bb00000)
  object space 245248K, 32% used [0x00000006c3000000,0x00000006c7e21618,0x00000006d1f80000)
 Metaspace       used 66900K, capacity 70914K, committed 71040K, reserved 1112064K
  class space    used 8080K, capacity 8768K, committed 8832K, reserved 1048576K
}
Event: 5723.899 GC heap before
{Heap before GC invocations=21 (full 3):
 PSYoungGen      total 727040K, used 722185K [0x000000076bb00000, 0x0000000799900000, 0x00000007c0000000)
  eden space 709120K, 100% used [0x000000076bb00000,0x0000000796f80000,0x0000000796f80000)
  from space 17920K, 72% used [0x0000000796f80000,0x0000000797c42528,0x0000000798100000)
  to   space 18432K, 0% used [0x0000000798700000,0x0000000798700000,0x0000000799900000)
 ParOldGen       total 245248K, used 80005K [0x00000006c3000000, 0x00000006d1f80000, 0x000000076bb00000)
  object space 245248K, 32% used [0x00000006c3000000,0x00000006c7e21618,0x00000006d1f80000)
 Metaspace       used 72064K, capacity 76284K, committed 76416K, reserved 1116160K
  class space    used 8582K, capacity 9289K, committed 9344K, reserved 1048576K
Event: 5723.950 GC heap after
Heap after GC invocations=21 (full 3):
 PSYoungGen      total 699392K, used 18423K [0x000000076bb00000, 0x0000000799900000, 0x00000007c0000000)
  eden space 680960K, 0% used [0x000000076bb00000,0x000000076bb00000,0x0000000795400000)
  from space 18432K, 99% used [0x0000000798700000,0x00000007998fdd10,0x0000000799900000)
  to   space 21504K, 0% used [0x0000000796f00000,0x0000000796f00000,0x0000000798400000)
 ParOldGen       total 245248K, used 81507K [0x00000006c3000000, 0x00000006d1f80000, 0x000000076bb00000)
  object space 245248K, 33% used [0x00000006c3000000,0x00000006c7f98d00,0x00000006d1f80000)
 Metaspace       used 72064K, capacity 76284K, committed 76416K, reserved 1116160K
  class space    used 8582K, capacity 9289K, committed 9344K, reserved 1048576K
}
Event: 31944.170 GC heap before
{Heap before GC invocations=22 (full 3):
 PSYoungGen      total 699392K, used 699383K [0x000000076bb00000, 0x0000000799900000, 0x00000007c0000000)
  eden space 680960K, 100% used [0x000000076bb00000,0x0000000795400000,0x0000000795400000)
  from space 18432K, 99% used [0x0000000798700000,0x00000007998fdd10,0x0000000799900000)
  to   space 21504K, 0% used [0x0000000796f00000,0x0000000796f00000,0x0000000798400000)
 ParOldGen       total 245248K, used 81507K [0x00000006c3000000, 0x00000006d1f80000, 0x000000076bb00000)
  object space 245248K, 33% used [0x00000006c3000000,0x00000006c7f98d00,0x00000006d1f80000)
 Metaspace       used 72834K, capacity 77546K, committed 77696K, reserved 1118208K
  class space    used 8711K, capacity 9496K, committed 9600K, reserved 1048576K
Event: 31944.408 GC heap after
Heap after GC invocations=22 (full 3):
 PSYoungGen      total 663552K, used 9457K [0x000000076bb00000, 0x0000000798780000, 0x00000007c0000000)
  eden space 653824K, 0% used [0x000000076bb00000,0x000000076bb00000,0x0000000793980000)
  from space 9728K, 97% used [0x0000000796f00000,0x000000079783c670,0x0000000797880000)
  to   space 15360K, 0% used [0x0000000797880000,0x0000000797880000,0x0000000798780000)
 ParOldGen       total 245248K, used 97808K [0x00000006c3000000, 0x00000006d1f80000, 0x000000076bb00000)
  object space 245248K, 39% used [0x00000006c3000000,0x00000006c8f840e8,0x00000006d1f80000)
 Metaspace       used 72834K, capacity 77546K, committed 77696K, reserved 1118208K
  class space    used 8711K, capacity 9496K, committed 9600K, reserved 1048576K
}

